<?xml version="1.0" encoding="UTF-8"?>
<robot generator="Robot 5.0.1 (Python 3.10.5 on win32)" generated="20230221 20:02:44.033" rpa="false" schemaversion="3">
<suite id="s1" name="Homepage" source="c:\Users\jojop\Desktop\CPE-Robotframework\Packages\TestScripts\Homepage\Homepage.robot">
<kw name="Run Keywords" library="BuiltIn" type="SETUP">
<arg>Go to website</arg>
<arg>AND</arg>
<arg>Go to Homepage</arg>
<doc>Executes all the given keywords in a sequence.</doc>
<kw name="Go to website" library="commom">
<kw name="Set Selenium Speed" library="Selenium2Library">
<arg>0.8</arg>
<doc>Sets the delay that is waited after each Selenium command.</doc>
<status status="PASS" starttime="20230221 20:02:44.307" endtime="20230221 20:02:44.307"/>
</kw>
<kw name="Open Browser" library="Selenium2Library">
<arg>${CONFIG_URL}</arg>
<arg>${CONFIG_BROWSER}</arg>
<doc>Opens a new browser instance to the optional ``url``.</doc>
<msg timestamp="20230221 20:02:44.307" level="INFO">Opening browser 'chrome' to base url 'https://www.cpe.eng.rmutp.ac.th/'.</msg>
<msg timestamp="20230221 20:02:47.491" level="INFO">Cannot capture screenshot because no browser is open.</msg>
<msg timestamp="20230221 20:02:47.492" level="FAIL">SessionNotCreatedException: Message: session not created: This version of ChromeDriver only supports Chrome version 108
Current browser version is 110.0.5481.104 with binary path C:\Program Files\Google\Chrome\Application\chrome.exe
Stacktrace:
Backtrace:
	(No symbol) [0x0116F243]
	(No symbol) [0x010F7FD1]
	(No symbol) [0x00FED04D]
	(No symbol) [0x0100F6B4]
	(No symbol) [0x0100A97C]
	(No symbol) [0x010082E9]
	(No symbol) [0x0103F056]
	(No symbol) [0x0103EB2A]
	(No symbol) [0x01038386]
	(No symbol) [0x0101163C]
	(No symbol) [0x0101269D]
	GetHandleVerifier [0x01409A22+2655074]
	GetHandleVerifier [0x013FCA24+2601828]
	GetHandleVerifier [0x01218C0A+619850]
	GetHandleVerifier [0x01217830+614768]
	(No symbol) [0x011005FC]
	(No symbol) [0x01105968]
	(No symbol) [0x01105A55]
	(No symbol) [0x0111051B]
	BaseThreadInitThunk [0x75F17D69+25]
	RtlInitializeExceptionChain [0x7707BB9B+107]
	RtlClearBits [0x7707BB1F+191]
</msg>
<status status="FAIL" starttime="20230221 20:02:44.307" endtime="20230221 20:02:47.496"/>
</kw>
<kw name="Maximize Browser Window" library="Selenium2Library">
<doc>Maximizes current browser window.</doc>
<status status="NOT RUN" starttime="20230221 20:02:47.496" endtime="20230221 20:02:47.496"/>
</kw>
<status status="FAIL" starttime="20230221 20:02:44.306" endtime="20230221 20:02:47.497"/>
</kw>
<status status="FAIL" starttime="20230221 20:02:44.306" endtime="20230221 20:02:47.497"/>
</kw>
<test id="s1-t1" name="ตรวจสอบข้อมูล" line="12">
<status status="FAIL" starttime="20230221 20:02:47.497" endtime="20230221 20:02:47.499">Parent suite setup failed:
SessionNotCreatedException: Message: session not created: This version of ChromeDriver only supports Chrome version 108
Current browser version is 110.0.5481.104 with binary path C:\Program Files\Google\Chrome\Application\chrome.exe
Stacktrace:
Backtrace:
	(No symbol) [0x0116F243]
	(No symbol) [0x010F7FD1]
	(No symbol) [0x00FED04D]
	(No symbol) [0x0100F6B4]
	(No symbol) [0x0100A97C]
	(No symbol) [0x010082E9]
	(No symbol) [0x0103F056]
	(No symbol) [0x0103EB2A]
	(No symbol) [0x01038386]
	(No symbol) [0x0101163C]
	(No symbol) [0x0101269D]
	GetHandleVerifier [0x01409A22+2655074]
	GetHandleVerifier [0x013FCA24+2601828]
	GetHandleVerifier [0x01218C0A+619850]
	GetHandleVerifier [0x01217830+614768]
	(No symbol) [0x011005FC]
	(No symbol) [0x01105968]
	(No symbol) [0x01105A55]
	(No symbol) [0x0111051B]
	BaseThreadInitThunk [0x75F17D69+25]
	RtlInitializeExceptionChain [0x7707BB9B+107]
	RtlClearBits [0x7707BB1F+191]
</status>
</test>
<kw name="Close Browser" library="Selenium2Library" type="TEARDOWN">
<doc>Closes the current browser.</doc>
<status status="PASS" starttime="20230221 20:02:47.503" endtime="20230221 20:02:47.504"/>
</kw>
<status status="FAIL" starttime="20230221 20:02:44.039" endtime="20230221 20:02:47.504">Suite setup failed:
SessionNotCreatedException: Message: session not created: This version of ChromeDriver only supports Chrome version 108
Current browser version is 110.0.5481.104 with binary path C:\Program Files\Google\Chrome\Application\chrome.exe
Stacktrace:
Backtrace:
	(No symbol) [0x0116F243]
	(No symbol) [0x010F7FD1]
	(No symbol) [0x00FED04D]
	(No symbol) [0x0100F6B4]
	(No symbol) [0x0100A97C]
	(No symbol) [0x010082E9]
	(No symbol) [0x0103F056]
	(No symbol) [0x0103EB2A]
	(No symbol) [0x01038386]
	(No symbol) [0x0101163C]
	(No symbol) [0x0101269D]
	GetHandleVerifier [0x01409A22+2655074]
	GetHandleVerifier [0x013FCA24+2601828]
	GetHandleVerifier [0x01218C0A+619850]
	GetHandleVerifier [0x01217830+614768]
	(No symbol) [0x011005FC]
	(No symbol) [0x01105968]
	(No symbol) [0x01105A55]
	(No symbol) [0x0111051B]
	BaseThreadInitThunk [0x75F17D69+25]
	RtlInitializeExceptionChain [0x7707BB9B+107]
	RtlClearBits [0x7707BB1F+191]
</status>
</suite>
<statistics>
<total>
<stat pass="0" fail="1" skip="0">All Tests</stat>
</total>
<tag>
</tag>
<suite>
<stat pass="0" fail="1" skip="0" id="s1" name="Homepage">Homepage</stat>
</suite>
</statistics>
<errors>
</errors>
</robot>
